0 info it worked if it ends with ok
1 verbose cli [ '/home/ulrichp/setup/node/node-v6.11.1-linux-x64/bin/node',
1 verbose cli   '/srv/node/bin/npm',
1 verbose cli   'run',
1 verbose cli   'start' ]
2 info using npm@3.10.10
3 info using node@v6.11.1
4 verbose run-script [ 'prestart', 'start', 'poststart' ]
5 info lifecycle netrunner@0.0.1~prestart: netrunner@0.0.1
6 silly lifecycle netrunner@0.0.1~prestart: no script for prestart, continuing
7 info lifecycle netrunner@0.0.1~start: netrunner@0.0.1
8 verbose lifecycle netrunner@0.0.1~start: unsafe-perm in lifecycle true
9 verbose lifecycle netrunner@0.0.1~start: PATH: /home/ulrichp/setup/node/node-v6.11.1-linux-x64/lib/node_modules/npm/bin/node-gyp-bin:/home/ulrichp/netrunner/node_modules/.bin:/home/ulrichp/setup/node/node-v6.11.1-linux-x64/bin:/srv/node/bin:/srv/java/bin:/home/ulrichp/bin:/home/ulrichp/.local/bin:/srv/node/bin:/srv/java/bin:/home/ulrichp/bin:/home/ulrichp/.local/bin:/srv/node/bin:/srv/java/bin:/home/ulrichp/bin:/home/ulrichp/.local/bin:/srv/node/bin:/srv/java/bin:/home/ulrichp/bin:/home/ulrichp/.local/bin:/usr/local/sbin:/usr/local/bin:/usr/sbin:/usr/bin:/sbin:/bin:/usr/games:/usr/local/games
10 verbose lifecycle netrunner@0.0.1~start: CWD: /home/ulrichp/netrunner
11 silly lifecycle netrunner@0.0.1~start: Args: [ '-c', 'coffee server.coffee' ]
12 silly lifecycle netrunner@0.0.1~start: Returned: code: 137  signal: null
13 info lifecycle netrunner@0.0.1~start: Failed to exec start script
14 verbose stack Error: netrunner@0.0.1 start: `coffee server.coffee`
14 verbose stack Exit status 137
14 verbose stack     at EventEmitter.<anonymous> (/home/ulrichp/setup/node/node-v6.11.1-linux-x64/lib/node_modules/npm/lib/utils/lifecycle.js:255:16)
14 verbose stack     at emitTwo (events.js:106:13)
14 verbose stack     at EventEmitter.emit (events.js:191:7)
14 verbose stack     at ChildProcess.<anonymous> (/home/ulrichp/setup/node/node-v6.11.1-linux-x64/lib/node_modules/npm/lib/utils/spawn.js:40:14)
14 verbose stack     at emitTwo (events.js:106:13)
14 verbose stack     at ChildProcess.emit (events.js:191:7)
14 verbose stack     at maybeClose (internal/child_process.js:891:16)
14 verbose stack     at Process.ChildProcess._handle.onexit (internal/child_process.js:226:5)
15 verbose pkgid netrunner@0.0.1
16 verbose cwd /home/ulrichp/netrunner
17 error Linux 4.9.36-x86_64-linode85
18 error argv "/home/ulrichp/setup/node/node-v6.11.1-linux-x64/bin/node" "/srv/node/bin/npm" "run" "start"
19 error node v6.11.1
20 error npm  v3.10.10
21 error code ELIFECYCLE
22 error netrunner@0.0.1 start: `coffee server.coffee`
22 error Exit status 137
23 error Failed at the netrunner@0.0.1 start script 'coffee server.coffee'.
23 error Make sure you have the latest version of node.js and npm installed.
23 error If you do, this is most likely a problem with the netrunner package,
23 error not with npm itself.
23 error Tell the author that this fails on your system:
23 error     coffee server.coffee
23 error You can get information on how to open an issue for this project with:
23 error     npm bugs netrunner
23 error Or if that isn't available, you can get their info via:
23 error     npm owner ls netrunner
23 error There is likely additional logging output above.
24 verbose exit [ 1, true ]
